[34mapp-1:build: [0mcache hit, replaying output [2m76ac45aaedc8c557[0m
[34mapp-1:build: [0mwarn  - You have enabled experimental feature(s).
[34mapp-1:build: [0mwarn  - Experimental features are not covered by semver, and may cause unexpected or broken application behavior. Use them at your own risk.
[34mapp-1:build: [0m
[34mapp-1:build: [0mwarn  - SWC minify release candidate enabled. https://nextjs.org/docs/messages/swc-minify-enabled
[34mapp-1:build: [0minfo  - Checking validity of types...
[34mapp-1:build: [0minfo  - Creating an optimized production build...
[34mapp-1:build: [0m<s> [webpack.Progress] 0% 
[34mapp-1:build: [0m
[34mapp-1:build: [0m<s> [webpack.Progress] 1% setup before run
[34mapp-1:build: [0m<s> [webpack.Progress] 1% setup before run NodeEnvironmentPlugin
[34mapp-1:build: [0m<s> [webpack.Progress] 1% setup before run
[34mapp-1:build: [0m<s> [webpack.Progress] 2% setup run
[34mapp-1:build: [0m<s> [webpack.Progress] 2% setup run
[34mapp-1:build: [0m<s> [webpack.Progress] 4% setup normal module factory
[34mapp-1:build: [0m<s> [webpack.Progress] 4% setup normal module factory IgnorePlugin
[34mapp-1:build: [0m<s> [webpack.Progress] 4% setup normal module factory IgnorePlugin
[34mapp-1:build: [0m<s> [webpack.Progress] 4% setup normal module factory
[34mapp-1:build: [0m<s> [webpack.Progress] 5% setup context module factory
[34mapp-1:build: [0m<s> [webpack.Progress] 5% setup context module factory IgnorePlugin
[34mapp-1:build: [0m<s> [webpack.Progress] 5% setup context module factory IgnorePlugin
[34mapp-1:build: [0m<s> [webpack.Progress] 5% setup context module factory
[34mapp-1:build: [0m<s> [webpack.Progress] 6% setup before compile
[34mapp-1:build: [0m<s> [webpack.Progress] 6% setup before compile ProgressPlugin
[34mapp-1:build: [0m<s> [webpack.Progress] 6% setup before compile
[34mapp-1:build: [0m<s> [webpack.Progress] 7% setup compile
[34mapp-1:build: [0m<s> [webpack.Progress] 7% setup compile ExternalsPlugin
[34mapp-1:build: [0m<s> [webpack.Progress] 7% setup compile ExternalsPlugin
[34mapp-1:build: [0m<s> [webpack.Progress] 7% setup compile
[34mapp-1:build: [0m<s> [webpack.Progress] 8% setup compilation
[34mapp-1:build: [0m<s> [webpack.Progress] 8% setup compilation CopyFilePlugin
[34mapp-1:build: [0m<s> [webpack.Progress] 8% setup compilation mini-css-extract-plugin
[34mapp-1:build: [0m<s> [webpack.Progress] 8% setup compilation ArrayPushCallbackChunkFormatPlugin
[34mapp-1:build: [0m<s> [webpack.Progress] 8% setup compilation JsonpChunkLoadingPlugin
[34mapp-1:build: [0m<s> [webpack.Progress] 8% setup compilation StartupChunkDependenciesPlugin
[34mapp-1:build: [0m<s> [webpack.Progress] 8% setup compilation ImportScriptsChunkLoadingPlugin
[34mapp-1:build: [0m<s> [webpack.Progress] 8% setup compilation FetchCompileWasmPlugin
[34mapp-1:build: [0m<s> [webpack.Progress] 8% setup compilation FetchCompileAsyncWasmPlugin
[34mapp-1:build: [0m<s> [webpack.Progress] 8% setup compilation AssignLibraryPlugin
[34mapp-1:build: [0m<s> [webpack.Progress] 8% setup compilation WorkerPlugin
[34mapp-1:build: [0m<s> [webpack.Progress] 8% setup compilation SplitChunksPlugin
[34mapp-1:build: [0m<s> [webpack.Progress] 8% setup compilation RuntimeChunkPlugin
[34mapp-1:build: [0m<s> [webpack.Progress] 8% setup compilation TerserPlugin
[34mapp-1:build: [0m<s> [webpack.Progress] 8% setup compilation ResolverCachePlugin
[34mapp-1:build: [0m<s> [webpack.Progress] 8% setup compilation
[34mapp-1:build: [0m<s> [webpack.Progress] 9% setup compilation
[34mapp-1:build: [0m<s> [webpack.Progress] 9% setup compilation ProfilingPlugin
[34mapp-1:build: [0m<s> [webpack.Progress] 9% setup compilation ProvidePlugin
[34mapp-1:build: [0m<s> [webpack.Progress] 9% setup compilation DefinePlugin
[34mapp-1:build: [0m<s> [webpack.Progress] 9% setup compilation DropAmpFirstPagesPlugin
[34mapp-1:build: [0m<s> [webpack.Progress] 9% setup compilation MiddlewarePlugin
[34mapp-1:build: [0m<s> [webpack.Progress] 9% setup compilation ProfilingPlugin
[34mapp-1:build: [0m<s> [webpack.Progress] 9% setup compilation WellKnownErrorsPlugin
[34mapp-1:build: [0m<s> [webpack.Progress] 9% setup compilation TelemetryPlugin
[34mapp-1:build: [0m<s> [webpack.Progress] 9% setup compilation mini-css-extract-plugin
[34mapp-1:build: [0m<s> [webpack.Progress] 9% setup compilation ProgressPlugin
[34mapp-1:build: [0m<s> [webpack.Progress] 9% setup compilation ChunkPrefetchPreloadPlugin
[34mapp-1:build: [0m<s> [webpack.Progress] 9% setup compilation JavascriptModulesPlugin
[34mapp-1:build: [0m<s> [webpack.Progress] 9% setup compilation JsonModulesPlugin
[34mapp-1:build: [0m<s> [webpack.Progress] 9% setup compilation AssetModulesPlugin
[34mapp-1:build: [0m<s> [webpack.Progress] 9% setup compilation EntryPlugin
[34mapp-1:build: [0m<s> [webpack.Progress] 9% setup compilation EntryPlugin
[34mapp-1:build: [0m<s> [webpack.Progress] 9% setup compilation EntryPlugin
[34mapp-1:build: [0m<s> [webpack.Progress] 9% setup compilation EntryPlugin
[34mapp-1:build: [0m<s> [webpack.Progress] 9% setup compilation EntryPlugin
[34mapp-1:build: [0m<s> [webpack.Progress] 9% setup compilation RuntimePlugin
[34mapp-1:build: [0m<s> [webpack.Progress] 9% setup compilation InferAsyncModulesPlugin
[34mapp-1:build: [0m<s> [webpack.Progress] 9% setup compilation DataUriPlugin
[34mapp-1:build: [0m<s> [webpack.Progress] 9% setup compilation FileUriPlugin
[34mapp-1:build: [0m<s> [webpack.Progress] 9% setup compilation CompatibilityPlugin
[34mapp-1:build: [0m<s> [webpack.Progress] 9% setup compilation HarmonyModulesPlugin
[34mapp-1:build: [0m<s> [webpack.Progress] 9% setup compilation AMDPlugin
[34mapp-1:build: [0m<s> [webpack.Progress] 9% setup compilation RequireJsStuffPlugin
[34mapp-1:build: [0m<s> [webpack.Progress] 9% setup compilation CommonJsPlugin
[34mapp-1:build: [0m<s> [webpack.Progress] 9% setup compilation LoaderPlugin
[34mapp-1:build: [0m<s> [webpack.Progress] 9% setup compilation LoaderPlugin
[34mapp-1:build: [0m<s> [webpack.Progress] 9% setup compilation NodeStuffPlugin
[34mapp-1:build: [0m<s> [webpack.Progress] 9% setup compilation APIPlugin
[34mapp-1:build: [0m<s> [webpack.Progress] 9% setup compilation ExportsInfoApiPlugin
[34mapp-1:build: [0m<s> [webpack.Progress] 9% setup compilation WebpackIsIncludedPlugin
[34mapp-1:build: [0m<s> [webpack.Progress] 9% setup compilation ConstPlugin
[34mapp-1:build: [0m<s> [webpack.Progress] 9% setup compilation UseStrictPlugin
[34mapp-1:build: [0m<s> [webpack.Progress] 9% setup compilation RequireIncludePlugin
[34mapp-1:build: [0m<s> [webpack.Progress] 9% setup compilation RequireEnsurePlugin
[34mapp-1:build: [0m<s> [webpack.Progress] 9% setup compilation RequireContextPlugin
[34mapp-1:build: [0m<s> [webpack.Progress] 9% setup compilation ImportPlugin
[34mapp-1:build: [0m<s> [webpack.Progress] 9% setup compilation RequireContextPlugin
[34mapp-1:build: [0m<s> [webpack.Progress] 9% setup compilation SystemPlugin
[34mapp-1:build: [0m<s> [webpack.Progress] 9% setup compilation ImportMetaPlugin
[34mapp-1:build: [0m<s> [webpack.Progress] 9% setup compilation URLPlugin
[34mapp-1:build: [0m<s> [webpack.Progress] 9% setup compilation DefaultStatsFactoryPlugin
[34mapp-1:build: [0m<s> [webpack.Progress] 9% setup compilation DefaultStatsPresetPlugin
[34mapp-1:build: [0m<s> [webpack.Progress] 9% setup compilation DefaultStatsPrinterPlugin
[34mapp-1:build: [0m<s> [webpack.Progress] 9% setup compilation JavascriptMetaInfoPlugin
[34mapp-1:build: [0m<s> [webpack.Progress] 9% setup compilation EnsureChunkConditionsPlugin
[34mapp-1:build: [0m<s> [webpack.Progress] 9% setup compilation RemoveEmptyChunksPlugin
[34mapp-1:build: [0m<s> [webpack.Progress] 9% setup compilation MergeDuplicateChunksPlugin
[34mapp-1:build: [0m<s> [webpack.Progress] 9% setup compilation FlagIncludedChunksPlugin
[34mapp-1:build: [0m<s> [webpack.Progress] 9% setup compilation SideEffectsFlagPlugin
[34mapp-1:build: [0m<s> [webpack.Progress] 9% setup compilation FlagDependencyExportsPlugin
[34mapp-1:build: [0m<s> [webpack.Progress] 9% setup compilation FlagDependencyUsagePlugin
[34mapp-1:build: [0m<s> [webpack.Progress] 9% setup compilation InnerGraphPlugin
[34mapp-1:build: [0m<s> [webpack.Progress] 9% setup compilation MangleExportsPlugin
[34mapp-1:build: [0m<s> [webpack.Progress] 9% setup compilation RealContentHashPlugin
[34mapp-1:build: [0m<s> [webpack.Progress] 9% setup compilation DeterministicModuleIdsPlugin
[34mapp-1:build: [0m<s> [webpack.Progress] 9% setup compilation DeterministicChunkIdsPlugin
[34mapp-1:build: [0m<s> [webpack.Progress] 9% setup compilation CssMinimizerPlugin
[34mapp-1:build: [0m<s> [webpack.Progress] 9% setup compilation TemplatedPathPlugin
[34mapp-1:build: [0m<s> [webpack.Progress] 9% setup compilation RecordIdsPlugin
[34mapp-1:build: [0m<s> [webpack.Progress] 9% setup compilation WarnCaseSensitiveModulesPlugin
[34mapp-1:build: [0m<s> [webpack.Progress] 9% setup compilation AddBuildDependenciesPlugin
[34mapp-1:build: [0m<s> [webpack.Progress] 9% setup compilation AddBuildDependenciesPlugin
[34mapp-1:build: [0m<s> [webpack.Progress] 9% setup compilation
[34mapp-1:build: [0m<i> [webpack.Progress] 14 ms setup
[34mapp-1:build: [0m<s> [webpack.Progress] 10% building
[34mapp-1:build: [0m<s> [webpack.Progress] 10% building 0/1 entries 0/0 dependencies 0/0 modules
[34mapp-1:build: [0m<s> [webpack.Progress] 21% building 1/5 entries 133/137 dependencies 47/63 modules
[34mapp-1:build: [0m<s> [webpack.Progress] 32% building 2/5 entries 133/137 dependencies 49/63 modules
[34mapp-1:build: [0m<s> [webpack.Progress] 43% building 3/5 entries 150/150 dependencies 63/71 modules
[34mapp-1:build: [0m<s> [webpack.Progress] 54% building 4/5 entries 150/150 dependencies 67/71 modules
[34mapp-1:build: [0m<s> [webpack.Progress] 64% building 5/5 entries 150/150 dependencies 71/71 modules
[34mapp-1:build: [0m<i> [webpack.Progress]  | 449 ms building > entries dependencies modules
[34mapp-1:build: [0m<s> [webpack.Progress] 65% building
[34mapp-1:build: [0m<s> [webpack.Progress] 69% building finish
[34mapp-1:build: [0m<s> [webpack.Progress] 69% building finish ProfilingPlugin
[34mapp-1:build: [0m<s> [webpack.Progress] 69% building finish
[34mapp-1:build: [0m<i> [webpack.Progress] 449 ms building
[34mapp-1:build: [0m<s> [webpack.Progress] 70% sealing finish module graph
[34mapp-1:build: [0m<s> [webpack.Progress] 70% sealing finish module graph ResolverCachePlugin
[34mapp-1:build: [0m<s> [webpack.Progress] 70% sealing finish module graph InferAsyncModulesPlugin
[34mapp-1:build: [0m<s> [webpack.Progress] 70% sealing finish module graph FlagDependencyExportsPlugin
[34mapp-1:build: [0m<s> [webpack.Progress] 70% sealing finish module graph InnerGraphPlugin
[34mapp-1:build: [0m<s> [webpack.Progress] 70% sealing finish module graph TelemetryPlugin
[34mapp-1:build: [0m<s> [webpack.Progress] 70% sealing finish module graph AssignLibraryPlugin
[34mapp-1:build: [0m<s> [webpack.Progress] 70% sealing finish module graph
[34mapp-1:build: [0m<s> [webpack.Progress] 70% sealing plugins
[34mapp-1:build: [0m<s> [webpack.Progress] 70% sealing plugins ProfilingPlugin
[34mapp-1:build: [0m<s> [webpack.Progress] 70% sealing plugins DropAmpFirstPagesPlugin
[34mapp-1:build: [0m<s> [webpack.Progress] 70% sealing plugins WarnCaseSensitiveModulesPlugin
[34mapp-1:build: [0m<s> [webpack.Progress] 70% sealing plugins
[34mapp-1:build: [0m<s> [webpack.Progress] 71% sealing dependencies optimization
[34mapp-1:build: [0m<s> [webpack.Progress] 71% sealing dependencies optimization SideEffectsFlagPlugin
[34mapp-1:build: [0m<s> [webpack.Progress] 71% sealing dependencies optimization FlagDependencyUsagePlugin
[34mapp-1:build: [0m<s> [webpack.Progress] 71% sealing dependencies optimization
[34mapp-1:build: [0m<s> [webpack.Progress] 71% sealing after dependencies optimization
[34mapp-1:build: [0m<s> [webpack.Progress] 71% sealing after dependencies optimization
[34mapp-1:build: [0m<s> [webpack.Progress] 72% sealing chunk graph
[34mapp-1:build: [0m<s> [webpack.Progress] 72% sealing chunk graph ProfilingPlugin
[34mapp-1:build: [0m<s> [webpack.Progress] 72% sealing chunk graph
[34mapp-1:build: [0m<s> [webpack.Progress] 73% sealing after chunk graph
[34mapp-1:build: [0m<s> [webpack.Progress] 73% sealing after chunk graph MiddlewarePlugin
[34mapp-1:build: [0m<s> [webpack.Progress] 73% sealing after chunk graph ProfilingPlugin
[34mapp-1:build: [0m<s> [webpack.Progress] 73% sealing after chunk graph
[34mapp-1:build: [0m<s> [webpack.Progress] 73% sealing optimizing
[34mapp-1:build: [0m<s> [webpack.Progress] 73% sealing optimizing ProfilingPlugin
[34mapp-1:build: [0m<s> [webpack.Progress] 73% sealing optimizing
[34mapp-1:build: [0m<s> [webpack.Progress] 74% sealing module optimization
[34mapp-1:build: [0m<s> [webpack.Progress] 74% sealing module optimization ProfilingPlugin
[34mapp-1:build: [0m<s> [webpack.Progress] 74% sealing module optimization
[34mapp-1:build: [0m<s> [webpack.Progress] 75% sealing after module optimization
[34mapp-1:build: [0m<s> [webpack.Progress] 75% sealing after module optimization MiddlewarePlugin
[34mapp-1:build: [0m<s> [webpack.Progress] 75% sealing after module optimization ProfilingPlugin
[34mapp-1:build: [0m<s> [webpack.Progress] 75% sealing after module optimization
[34mapp-1:build: [0m<s> [webpack.Progress] 75% sealing chunk optimization
[34mapp-1:build: [0m<s> [webpack.Progress] 75% sealing chunk optimization ProfilingPlugin
[34mapp-1:build: [0m<s> [webpack.Progress] 75% sealing chunk optimization EnsureChunkConditionsPlugin
[34mapp-1:build: [0m<s> [webpack.Progress] 75% sealing chunk optimization RemoveEmptyChunksPlugin
[34mapp-1:build: [0m<s> [webpack.Progress] 75% sealing chunk optimization MergeDuplicateChunksPlugin
[34mapp-1:build: [0m<s> [webpack.Progress] 75% sealing chunk optimization SplitChunksPlugin
[34mapp-1:build: [0m<s> [webpack.Progress] 75% sealing chunk optimization RemoveEmptyChunksPlugin
[34mapp-1:build: [0m<s> [webpack.Progress] 75% sealing chunk optimization
[34mapp-1:build: [0m<s> [webpack.Progress] 76% sealing after chunk optimization
[34mapp-1:build: [0m<s> [webpack.Progress] 76% sealing after chunk optimization ProfilingPlugin
[34mapp-1:build: [0m<s> [webpack.Progress] 76% sealing after chunk optimization
[34mapp-1:build: [0m<s> [webpack.Progress] 77% sealing module and chunk tree optimization
[34mapp-1:build: [0m<s> [webpack.Progress] 77% sealing module and chunk tree optimization ProfilingPlugin
[34mapp-1:build: [0m<s> [webpack.Progress] 77% sealing module and chunk tree optimization
[34mapp-1:build: [0m<s> [webpack.Progress] 77% sealing after module and chunk tree optimization
[34mapp-1:build: [0m<s> [webpack.Progress] 77% sealing after module and chunk tree optimization ProfilingPlugin
[34mapp-1:build: [0m<s> [webpack.Progress] 77% sealing after module and chunk tree optimization
[34mapp-1:build: [0m<s> [webpack.Progress] 78% sealing chunk modules optimization
[34mapp-1:build: [0m<s> [webpack.Progress] 78% sealing chunk modules optimization
[34mapp-1:build: [0m<s> [webpack.Progress] 78% sealing after chunk modules optimization
[34mapp-1:build: [0m<s> [webpack.Progress] 78% sealing after chunk modules optimization
[34mapp-1:build: [0m<s> [webpack.Progress] 79% sealing module reviving
[34mapp-1:build: [0m<s> [webpack.Progress] 79% sealing module reviving RecordIdsPlugin
[34mapp-1:build: [0m<s> [webpack.Progress] 79% sealing module reviving ProfilingPlugin
[34mapp-1:build: [0m<s> [webpack.Progress] 79% sealing module reviving
[34mapp-1:build: [0m<s> [webpack.Progress] 80% sealing before module ids
[34mapp-1:build: [0m<s> [webpack.Progress] 80% sealing before module ids
[34mapp-1:build: [0m<s> [webpack.Progress] 80% sealing module ids
[34mapp-1:build: [0m<s> [webpack.Progress] 80% sealing module ids DeterministicModuleIdsPlugin
[34mapp-1:build: [0m<s> [webpack.Progress] 80% sealing module ids
[34mapp-1:build: [0m<s> [webpack.Progress] 81% sealing module id optimization
[34mapp-1:build: [0m<s> [webpack.Progress] 81% sealing module id optimization
[34mapp-1:build: [0m<s> [webpack.Progress] 82% sealing module id optimization
[34mapp-1:build: [0m<s> [webpack.Progress] 82% sealing module id optimization
[34mapp-1:build: [0m<s> [webpack.Progress] 82% sealing chunk reviving
[34mapp-1:build: [0m<s> [webpack.Progress] 82% sealing chunk reviving RecordIdsPlugin
[34mapp-1:build: [0m<s> [webpack.Progress] 82% sealing chunk reviving
[34mapp-1:build: [0m<s> [webpack.Progress] 83% sealing before chunk ids
[34mapp-1:build: [0m<s> [webpack.Progress] 83% sealing before chunk ids
[34mapp-1:build: [0m<s> [webpack.Progress] 84% sealing chunk ids
[34mapp-1:build: [0m<s> [webpack.Progress] 84% sealing chunk ids DeterministicChunkIdsPlugin
[34mapp-1:build: [0m<s> [webpack.Progress] 84% sealing chunk ids
[34mapp-1:build: [0m<s> [webpack.Progress] 84% sealing chunk id optimization
[34mapp-1:build: [0m<s> [webpack.Progress] 84% sealing chunk id optimization FlagIncludedChunksPlugin
[34mapp-1:build: [0m<s> [webpack.Progress] 84% sealing chunk id optimization
[34mapp-1:build: [0m<s> [webpack.Progress] 85% sealing after chunk id optimization
[34mapp-1:build: [0m<s> [webpack.Progress] 85% sealing after chunk id optimization
[34mapp-1:build: [0m<s> [webpack.Progress] 86% sealing record modules
[34mapp-1:build: [0m<s> [webpack.Progress] 86% sealing record modules RecordIdsPlugin
[34mapp-1:build: [0m<s> [webpack.Progress] 86% sealing record modules
[34mapp-1:build: [0m<s> [webpack.Progress] 86% sealing record chunks
[34mapp-1:build: [0m<s> [webpack.Progress] 86% sealing record chunks RecordIdsPlugin
[34mapp-1:build: [0m<s> [webpack.Progress] 86% sealing record chunks
[34mapp-1:build: [0m<s> [webpack.Progress] 87% sealing module hashing
[34mapp-1:build: [0m<s> [webpack.Progress] 87% sealing module hashing
[34mapp-1:build: [0m<s> [webpack.Progress] 87% sealing code generation
[34mapp-1:build: [0m<s> [webpack.Progress] 87% sealing code generation
[34mapp-1:build: [0m<s> [webpack.Progress] 88% sealing runtime requirements
[34mapp-1:build: [0m<s> [webpack.Progress] 88% sealing runtime requirements
[34mapp-1:build: [0m<s> [webpack.Progress] 89% sealing hashing
[34mapp-1:build: [0m<s> [webpack.Progress] 89% sealing hashing ProfilingPlugin
[34mapp-1:build: [0m<s> [webpack.Progress] 89% sealing hashing
[34mapp-1:build: [0m<s> [webpack.Progress] 89% sealing after hashing
[34mapp-1:build: [0m<s> [webpack.Progress] 89% sealing after hashing ProfilingPlugin
[34mapp-1:build: [0m<s> [webpack.Progress] 89% sealing after hashing
[34mapp-1:build: [0m<s> [webpack.Progress] 90% sealing record hash
[34mapp-1:build: [0m<s> [webpack.Progress] 90% sealing record hash
[34mapp-1:build: [0m<s> [webpack.Progress] 91% sealing module assets processing
[34mapp-1:build: [0m<s> [webpack.Progress] 91% sealing module assets processing
[34mapp-1:build: [0m<s> [webpack.Progress] 91% sealing chunk assets processing
[34mapp-1:build: [0m<s> [webpack.Progress] 91% sealing chunk assets processing
[34mapp-1:build: [0m<s> [webpack.Progress] 92% sealing asset processing
[34mapp-1:build: [0m<s> [webpack.Progress] 92% sealing asset processing CopyFilePlugin
[34mapp-1:build: [0m<s> [webpack.Progress] 92% sealing asset processing NextJsMiddlewareManifest
[34mapp-1:build: [0m<s> [webpack.Progress] 92% sealing asset processing ReactLoadableManifest
[34mapp-1:build: [0m<s> [webpack.Progress] 92% sealing asset processing NextJsBuildManifest
[34mapp-1:build: [0m<s> [webpack.Progress] 92% sealing asset processing TerserPlugin
[34mapp-1:build: [0m<i> [webpack.Progress]  |  | 122 ms asset processing > TerserPlugin
[34mapp-1:build: [0m<s> [webpack.Progress] 92% sealing asset processing CssMinimizerPlugin
[34mapp-1:build: [0m<i> [webpack.Progress]  |  | 23 ms asset processing > CssMinimizerPlugin
[34mapp-1:build: [0m<s> [webpack.Progress] 92% sealing asset processing RealContentHashPlugin
[34mapp-1:build: [0m<s> [webpack.Progress] 92% sealing asset processing
[34mapp-1:build: [0m<i> [webpack.Progress]  | 151 ms sealing > asset processing
[34mapp-1:build: [0m<s> [webpack.Progress] 93% sealing after asset optimization
[34mapp-1:build: [0m<s> [webpack.Progress] 93% sealing after asset optimization
[34mapp-1:build: [0m<s> [webpack.Progress] 93% sealing recording
[34mapp-1:build: [0m<s> [webpack.Progress] 93% sealing recording
[34mapp-1:build: [0m<s> [webpack.Progress] 94% sealing after seal
[34mapp-1:build: [0m<s> [webpack.Progress] 94% sealing after seal WellKnownErrorsPlugin
[34mapp-1:build: [0m<s> [webpack.Progress] 94% sealing after seal ProfilingPlugin
[34mapp-1:build: [0m<s> [webpack.Progress] 94% sealing after seal
[34mapp-1:build: [0m<i> [webpack.Progress] 184 ms sealing
[34mapp-1:build: [0m<s> [webpack.Progress] 95% emitting emit
[34mapp-1:build: [0m<s> [webpack.Progress] 95% emitting emit ProfilingPlugin
[34mapp-1:build: [0m<s> [webpack.Progress] 95% emitting emit
[34mapp-1:build: [0m<s> [webpack.Progress] 98% emitting after emit
[34mapp-1:build: [0m<s> [webpack.Progress] 98% emitting after emit ProfilingPlugin
[34mapp-1:build: [0m<s> [webpack.Progress] 98% emitting after emit
[34mapp-1:build: [0m<s> [webpack.Progress] 99% done plugins
[34mapp-1:build: [0m<s> [webpack.Progress] 99% done plugins IdleFileCachePlugin
[34mapp-1:build: [0m<s> [webpack.Progress] 99% done plugins
[34mapp-1:build: [0m<s> [webpack.Progress] 99% 
[34mapp-1:build: [0m
[34mapp-1:build: [0m<s> [webpack.Progress] 99% cache store build dependencies
[34mapp-1:build: [0m<s> [webpack.Progress] 99% cache store build dependencies IdleFileCachePlugin
[34mapp-1:build: [0m<s> [webpack.Progress] 99% cache store build dependencies
[34mapp-1:build: [0m<s> [webpack.Progress] 99% cache begin idle
[34mapp-1:build: [0m<s> [webpack.Progress] 99% cache begin idle IdleFileCachePlugin
[34mapp-1:build: [0m<s> [webpack.Progress] 99% cache begin idle
[34mapp-1:build: [0m<s> [webpack.Progress] 100% 
[34mapp-1:build: [0m
[34mapp-1:build: [0m<s> [webpack.Progress] 99% cache shutdown
[34mapp-1:build: [0m<s> [webpack.Progress] 99% cache shutdown MemoryCachePlugin
[34mapp-1:build: [0m<s> [webpack.Progress] 99% cache shutdown IdleFileCachePlugin
[34mapp-1:build: [0m<s> [webpack.Progress] 99% cache shutdown IdleFileCachePlugin process pending cache items
[34mapp-1:build: [0m<s> [webpack.Progress] 99% cache shutdown IdleFileCachePlugin resolve build dependencies
[34mapp-1:build: [0m<i> [webpack.Progress]  |  |  | 36 ms IdleFileCachePlugin > resolve build dependencies
[34mapp-1:build: [0m<s> [webpack.Progress] 99% cache shutdown IdleFileCachePlugin snapshot build dependencies resolving
[34mapp-1:build: [0m<s> [webpack.Progress] 99% cache shutdown IdleFileCachePlugin snapshot build dependencies modules
[34mapp-1:build: [0m<s> [webpack.Progress] 99% cache shutdown IdleFileCachePlugin serialize pack
[34mapp-1:build: [0m<i> [webpack.Progress]  |  |  | 42 ms IdleFileCachePlugin > serialize pack
[34mapp-1:build: [0m<s> [webpack.Progress] 99% cache shutdown IdleFileCachePlugin stored
[34mapp-1:build: [0m<i> [webpack.Progress]  |  | 84 ms shutdown > IdleFileCachePlugin
[34mapp-1:build: [0m<s> [webpack.Progress] 99% cache shutdown
[34mapp-1:build: [0m<i> [webpack.Progress]  | 84 ms cache > shutdown
[34mapp-1:build: [0m<i> [webpack.Progress] 84 ms cache
[34mapp-1:build: [0m<s> [webpack.Progress] 100% 
[34mapp-1:build: [0m
[34mapp-1:build: [0m<s> [webpack.Progress] 0% 
[34mapp-1:build: [0m
[34mapp-1:build: [0m<s> [webpack.Progress] 1% setup before run
[34mapp-1:build: [0m<s> [webpack.Progress] 1% setup before run NodeEnvironmentPlugin
[34mapp-1:build: [0m<s> [webpack.Progress] 1% setup before run
[34mapp-1:build: [0m<s> [webpack.Progress] 2% setup run
[34mapp-1:build: [0m<s> [webpack.Progress] 2% setup run
[34mapp-1:build: [0m<s> [webpack.Progress] 4% setup normal module factory
[34mapp-1:build: [0m<s> [webpack.Progress] 4% setup normal module factory IgnorePlugin
[34mapp-1:build: [0m<s> [webpack.Progress] 4% setup normal module factory IgnorePlugin
[34mapp-1:build: [0m<s> [webpack.Progress] 4% setup normal module factory FontStylesheetGatheringPlugin
[34mapp-1:build: [0m<s> [webpack.Progress] 4% setup normal module factory
[34mapp-1:build: [0m<s> [webpack.Progress] 5% setup context module factory
[34mapp-1:build: [0m<s> [webpack.Progress] 5% setup context module factory IgnorePlugin
[34mapp-1:build: [0m<s> [webpack.Progress] 5% setup context module factory IgnorePlugin
[34mapp-1:build: [0m<s> [webpack.Progress] 5% setup context module factory
[34mapp-1:build: [0m<s> [webpack.Progress] 6% setup before compile
[34mapp-1:build: [0m<s> [webpack.Progress] 6% setup before compile ProgressPlugin
[34mapp-1:build: [0m<s> [webpack.Progress] 6% setup before compile
[34mapp-1:build: [0m<s> [webpack.Progress] 7% setup compile
[34mapp-1:build: [0m<s> [webpack.Progress] 7% setup compile ExternalsPlugin
[34mapp-1:build: [0m<s> [webpack.Progress] 7% setup compile ExternalsPlugin
[34mapp-1:build: [0m<s> [webpack.Progress] 7% setup compile
[34mapp-1:build: [0m<s> [webpack.Progress] 8% setup compilation
[34mapp-1:build: [0m<s> [webpack.Progress] 8% setup compilation CommonJsChunkFormatPlugin
[34mapp-1:build: [0m<s> [webpack.Progress] 8% setup compilation StartupChunkDependenciesPlugin
[34mapp-1:build: [0m<s> [webpack.Progress] 8% setup compilation CommonJsChunkLoadingPlugin
[34mapp-1:build: [0m<s> [webpack.Progress] 8% setup compilation ReadFileCompileWasmPlugin
[34mapp-1:build: [0m<s> [webpack.Progress] 8% setup compilation ReadFileCompileAsyncWasmPlugin
[34mapp-1:build: [0m<s> [webpack.Progress] 8% setup compilation AssignLibraryPlugin
[34mapp-1:build: [0m<s> [webpack.Progress] 8% setup compilation WorkerPlugin
[34mapp-1:build: [0m<s> [webpack.Progress] 8% setup compilation SplitChunksPlugin
[34mapp-1:build: [0m<s> [webpack.Progress] 8% setup compilation ResolverCachePlugin
[34mapp-1:build: [0m<s> [webpack.Progress] 8% setup compilation
[34mapp-1:build: [0m<s> [webpack.Progress] 9% setup compilation
[34mapp-1:build: [0m<s> [webpack.Progress] 9% setup compilation ProfilingPlugin
[34mapp-1:build: [0m<s> [webpack.Progress] 9% setup compilation DefinePlugin
[34mapp-1:build: [0m<s> [webpack.Progress] 9% setup compilation TraceEntryPointsPlugin
[34mapp-1:build: [0m<s> [webpack.Progress] 9% setup compilation ProfilingPlugin
[34mapp-1:build: [0m<s> [webpack.Progress] 9% setup compilation WellKnownErrorsPlugin
[34mapp-1:build: [0m<s> [webpack.Progress] 9% setup compilation ProgressPlugin
[34mapp-1:build: [0m<s> [webpack.Progress] 9% setup compilation ChunkPrefetchPreloadPlugin
[34mapp-1:build: [0m<s> [webpack.Progress] 9% setup compilation JavascriptModulesPlugin
[34mapp-1:build: [0m<s> [webpack.Progress] 9% setup compilation JsonModulesPlugin
[34mapp-1:build: [0m<s> [webpack.Progress] 9% setup compilation AssetModulesPlugin
[34mapp-1:build: [0m<s> [webpack.Progress] 9% setup compilation EntryPlugin
[34mapp-1:build: [0m<s> [webpack.Progress] 9% setup compilation EntryPlugin
[34mapp-1:build: [0m<s> [webpack.Progress] 9% setup compilation EntryPlugin
[34mapp-1:build: [0m<s> [webpack.Progress] 9% setup compilation EntryPlugin
[34mapp-1:build: [0m<s> [webpack.Progress] 9% setup compilation EntryPlugin
[34mapp-1:build: [0m<s> [webpack.Progress] 9% setup compilation RuntimePlugin
[34mapp-1:build: [0m<s> [webpack.Progress] 9% setup compilation InferAsyncModulesPlugin
[34mapp-1:build: [0m<s> [webpack.Progress] 9% setup compilation DataUriPlugin
[34mapp-1:build: [0m<s> [webpack.Progress] 9% setup compilation FileUriPlugin
[34mapp-1:build: [0m<s> [webpack.Progress] 9% setup compilation CompatibilityPlugin
[34mapp-1:build: [0m<s> [webpack.Progress] 9% setup compilation HarmonyModulesPlugin
[34mapp-1:build: [0m<s> [webpack.Progress] 9% setup compilation AMDPlugin
[34mapp-1:build: [0m<s> [webpack.Progress] 9% setup compilation RequireJsStuffPlugin
[34mapp-1:build: [0m<s> [webpack.Progress] 9% setup compilation CommonJsPlugin
[34mapp-1:build: [0m<s> [webpack.Progress] 9% setup compilation LoaderPlugin
[34mapp-1:build: [0m<s> [webpack.Progress] 9% setup compilation LoaderPlugin
[34mapp-1:build: [0m<s> [webpack.Progress] 9% setup compilation NodeStuffPlugin
[34mapp-1:build: [0m<s> [webpack.Progress] 9% setup compilation APIPlugin
[34mapp-1:build: [0m<s> [webpack.Progress] 9% setup compilation ExportsInfoApiPlugin
[34mapp-1:build: [0m<s> [webpack.Progress] 9% setup compilation WebpackIsIncludedPlugin
[34mapp-1:build: [0m<s> [webpack.Progress] 9% setup compilation ConstPlugin
[34mapp-1:build: [0m<s> [webpack.Progress] 9% setup compilation UseStrictPlugin
[34mapp-1:build: [0m<s> [webpack.Progress] 9% setup compilation RequireIncludePlugin
[34mapp-1:build: [0m<s> [webpack.Progress] 9% setup compilation RequireEnsurePlugin
[34mapp-1:build: [0m<s> [webpack.Progress] 9% setup compilation RequireContextPlugin
[34mapp-1:build: [0m<s> [webpack.Progress] 9% setup compilation ImportPlugin
[34mapp-1:build: [0m<s> [webpack.Progress] 9% setup compilation RequireContextPlugin
[34mapp-1:build: [0m<s> [webpack.Progress] 9% setup compilation SystemPlugin
[34mapp-1:build: [0m<s> [webpack.Progress] 9% setup compilation ImportMetaPlugin
[34mapp-1:build: [0m<s> [webpack.Progress] 9% setup compilation URLPlugin
[34mapp-1:build: [0m<s> [webpack.Progress] 9% setup compilation DefaultStatsFactoryPlugin
[34mapp-1:build: [0m<s> [webpack.Progress] 9% setup compilation DefaultStatsPresetPlugin
[34mapp-1:build: [0m<s> [webpack.Progress] 9% setup compilation DefaultStatsPrinterPlugin
[34mapp-1:build: [0m<s> [webpack.Progress] 9% setup compilation JavascriptMetaInfoPlugin
[34mapp-1:build: [0m<s> [webpack.Progress] 9% setup compilation EnsureChunkConditionsPlugin
[34mapp-1:build: [0m<s> [webpack.Progress] 9% setup compilation RemoveEmptyChunksPlugin
[34mapp-1:build: [0m<s> [webpack.Progress] 9% setup compilation MergeDuplicateChunksPlugin
[34mapp-1:build: [0m<s> [webpack.Progress] 9% setup compilation FlagIncludedChunksPlugin
[34mapp-1:build: [0m<s> [webpack.Progress] 9% setup compilation SideEffectsFlagPlugin
[34mapp-1:build: [0m<s> [webpack.Progress] 9% setup compilation FlagDependencyExportsPlugin
[34mapp-1:build: [0m<s> [webpack.Progress] 9% setup compilation FlagDependencyUsagePlugin
[34mapp-1:build: [0m<s> [webpack.Progress] 9% setup compilation InnerGraphPlugin
[34mapp-1:build: [0m<s> [webpack.Progress] 9% setup compilation MangleExportsPlugin
[34mapp-1:build: [0m<s> [webpack.Progress] 9% setup compilation RealContentHashPlugin
[34mapp-1:build: [0m<s> [webpack.Progress] 9% setup compilation DeterministicModuleIdsPlugin
[34mapp-1:build: [0m<s> [webpack.Progress] 9% setup compilation DeterministicChunkIdsPlugin
[34mapp-1:build: [0m<s> [webpack.Progress] 9% setup compilation TemplatedPathPlugin
[34mapp-1:build: [0m<s> [webpack.Progress] 9% setup compilation RecordIdsPlugin
[34mapp-1:build: [0m<s> [webpack.Progress] 9% setup compilation WarnCaseSensitiveModulesPlugin
[34mapp-1:build: [0m<s> [webpack.Progress] 9% setup compilation AddBuildDependenciesPlugin
[34mapp-1:build: [0m<s> [webpack.Progress] 9% setup compilation AddBuildDependenciesPlugin
[34mapp-1:build: [0m<s> [webpack.Progress] 9% setup compilation
[34mapp-1:build: [0m<s> [webpack.Progress] 10% building
[34mapp-1:build: [0m<s> [webpack.Progress] 10% building 0/1 entries 0/0 dependencies 0/0 modules
[34mapp-1:build: [0m<s> [webpack.Progress] 20% building 1/5 entries 5/5 dependencies 1/5 modules
[34mapp-1:build: [0m<s> [webpack.Progress] 32% building 2/5 entries 17/22 dependencies 5/15 modules
[34mapp-1:build: [0m<s> [webpack.Progress] 43% building 3/5 entries 29/29 dependencies 16/24 modules
[34mapp-1:build: [0m<s> [webpack.Progress] 54% building 4/5 entries 31/31 dependencies 21/24 modules
[34mapp-1:build: [0m<s> [webpack.Progress] 64% building 5/5 entries 31/31 dependencies 24/24 modules
[34mapp-1:build: [0m<i> [webpack.Progress]  | 93 ms building > entries dependencies modules
[34mapp-1:build: [0m<s> [webpack.Progress] 65% building
[34mapp-1:build: [0m<s> [webpack.Progress] 69% building finish
[34mapp-1:build: [0m<s> [webpack.Progress] 69% building finish ProfilingPlugin
[34mapp-1:build: [0m<s> [webpack.Progress] 69% building finish
[34mapp-1:build: [0m<i> [webpack.Progress] 94 ms building
[34mapp-1:build: [0m<s> [webpack.Progress] 70% sealing finish module graph
[34mapp-1:build: [0m<s> [webpack.Progress] 70% sealing finish module graph ResolverCachePlugin
[34mapp-1:build: [0m<s> [webpack.Progress] 70% sealing finish module graph TraceEntryPointsPlugin
[34mapp-1:build: [0m<i> [webpack.Progress]  |  | 31 ms finish module graph > TraceEntryPointsPlugin
[34mapp-1:build: [0m<s> [webpack.Progress] 70% sealing finish module graph InferAsyncModulesPlugin
[34mapp-1:build: [0m<s> [webpack.Progress] 70% sealing finish module graph FlagDependencyExportsPlugin
[34mapp-1:build: [0m<s> [webpack.Progress] 70% sealing finish module graph InnerGraphPlugin
[34mapp-1:build: [0m<s> [webpack.Progress] 70% sealing finish module graph FontStylesheetGatheringPlugin
[34mapp-1:build: [0m<s> [webpack.Progress] 70% sealing finish module graph AssignLibraryPlugin
[34mapp-1:build: [0m<s> [webpack.Progress] 70% sealing finish module graph
[34mapp-1:build: [0m<i> [webpack.Progress]  | 32 ms sealing > finish module graph
[34mapp-1:build: [0m<s> [webpack.Progress] 70% sealing plugins
[34mapp-1:build: [0m<s> [webpack.Progress] 70% sealing plugins ProfilingPlugin
[34mapp-1:build: [0m<s> [webpack.Progress] 70% sealing plugins WarnCaseSensitiveModulesPlugin
[34mapp-1:build: [0m<s> [webpack.Progress] 70% sealing plugins
[34mapp-1:build: [0m<s> [webpack.Progress] 71% sealing dependencies optimization
[34mapp-1:build: [0m<s> [webpack.Progress] 71% sealing dependencies optimization SideEffectsFlagPlugin
[34mapp-1:build: [0m<s> [webpack.Progress] 71% sealing dependencies optimization FlagDependencyUsagePlugin
[34mapp-1:build: [0m<s> [webpack.Progress] 71% sealing dependencies optimization
[34mapp-1:build: [0m<s> [webpack.Progress] 71% sealing after dependencies optimization
[34mapp-1:build: [0m<s> [webpack.Progress] 71% sealing after dependencies optimization
[34mapp-1:build: [0m<s> [webpack.Progress] 72% sealing chunk graph
[34mapp-1:build: [0m<s> [webpack.Progress] 72% sealing chunk graph ProfilingPlugin
[34mapp-1:build: [0m<s> [webpack.Progress] 72% sealing chunk graph
[34mapp-1:build: [0m<s> [webpack.Progress] 73% sealing after chunk graph
[34mapp-1:build: [0m<s> [webpack.Progress] 73% sealing after chunk graph ProfilingPlugin
[34mapp-1:build: [0m<s> [webpack.Progress] 73% sealing after chunk graph
[34mapp-1:build: [0m<s> [webpack.Progress] 73% sealing optimizing
[34mapp-1:build: [0m<s> [webpack.Progress] 73% sealing optimizing ProfilingPlugin
[34mapp-1:build: [0m<s> [webpack.Progress] 73% sealing optimizing
[34mapp-1:build: [0m<s> [webpack.Progress] 74% sealing module optimization
[34mapp-1:build: [0m<s> [webpack.Progress] 74% sealing module optimization ProfilingPlugin
[34mapp-1:build: [0m<s> [webpack.Progress] 74% sealing module optimization
[34mapp-1:build: [0m<s> [webpack.Progress] 75% sealing after module optimization
[34mapp-1:build: [0m<s> [webpack.Progress] 75% sealing after module optimization ProfilingPlugin
[34mapp-1:build: [0m<s> [webpack.Progress] 75% sealing after module optimization
[34mapp-1:build: [0m<s> [webpack.Progress] 75% sealing chunk optimization
[34mapp-1:build: [0m<s> [webpack.Progress] 75% sealing chunk optimization ProfilingPlugin
[34mapp-1:build: [0m<s> [webpack.Progress] 75% sealing chunk optimization EnsureChunkConditionsPlugin
[34mapp-1:build: [0m<s> [webpack.Progress] 75% sealing chunk optimization RemoveEmptyChunksPlugin
[34mapp-1:build: [0m<s> [webpack.Progress] 75% sealing chunk optimization MergeDuplicateChunksPlugin
[34mapp-1:build: [0m<s> [webpack.Progress] 75% sealing chunk optimization SplitChunksPlugin
[34mapp-1:build: [0m<s> [webpack.Progress] 75% sealing chunk optimization RemoveEmptyChunksPlugin
[34mapp-1:build: [0m<s> [webpack.Progress] 75% sealing chunk optimization
[34mapp-1:build: [0m<s> [webpack.Progress] 76% sealing after chunk optimization
[34mapp-1:build: [0m<s> [webpack.Progress] 76% sealing after chunk optimization ProfilingPlugin
[34mapp-1:build: [0m<s> [webpack.Progress] 76% sealing after chunk optimization
[34mapp-1:build: [0m<s> [webpack.Progress] 77% sealing module and chunk tree optimization
[34mapp-1:build: [0m<s> [webpack.Progress] 77% sealing module and chunk tree optimization ProfilingPlugin
[34mapp-1:build: [0m<s> [webpack.Progress] 77% sealing module and chunk tree optimization
[34mapp-1:build: [0m<s> [webpack.Progress] 77% sealing after module and chunk tree optimization
[34mapp-1:build: [0m<s> [webpack.Progress] 77% sealing after module and chunk tree optimization ProfilingPlugin
[34mapp-1:build: [0m<s> [webpack.Progress] 77% sealing after module and chunk tree optimization
[34mapp-1:build: [0m<s> [webpack.Progress] 78% sealing chunk modules optimization
[34mapp-1:build: [0m<s> [webpack.Progress] 78% sealing chunk modules optimization
[34mapp-1:build: [0m<s> [webpack.Progress] 78% sealing after chunk modules optimization
[34mapp-1:build: [0m<s> [webpack.Progress] 78% sealing after chunk modules optimization
[34mapp-1:build: [0m<s> [webpack.Progress] 79% sealing module reviving
[34mapp-1:build: [0m<s> [webpack.Progress] 79% sealing module reviving RecordIdsPlugin
[34mapp-1:build: [0m<s> [webpack.Progress] 79% sealing module reviving ProfilingPlugin
[34mapp-1:build: [0m<s> [webpack.Progress] 79% sealing module reviving
[34mapp-1:build: [0m<s> [webpack.Progress] 80% sealing before module ids
[34mapp-1:build: [0m<s> [webpack.Progress] 80% sealing before module ids
[34mapp-1:build: [0m<s> [webpack.Progress] 80% sealing module ids
[34mapp-1:build: [0m<s> [webpack.Progress] 80% sealing module ids DeterministicModuleIdsPlugin
[34mapp-1:build: [0m<s> [webpack.Progress] 80% sealing module ids
[34mapp-1:build: [0m<s> [webpack.Progress] 81% sealing module id optimization
[34mapp-1:build: [0m<s> [webpack.Progress] 81% sealing module id optimization
[34mapp-1:build: [0m<s> [webpack.Progress] 82% sealing module id optimization
[34mapp-1:build: [0m<s> [webpack.Progress] 82% sealing module id optimization
[34mapp-1:build: [0m<s> [webpack.Progress] 82% sealing chunk reviving
[34mapp-1:build: [0m<s> [webpack.Progress] 82% sealing chunk reviving RecordIdsPlugin
[34mapp-1:build: [0m<s> [webpack.Progress] 82% sealing chunk reviving
[34mapp-1:build: [0m<s> [webpack.Progress] 83% sealing before chunk ids
[34mapp-1:build: [0m<s> [webpack.Progress] 83% sealing before chunk ids
[34mapp-1:build: [0m<s> [webpack.Progress] 84% sealing chunk ids
[34mapp-1:build: [0m<s> [webpack.Progress] 84% sealing chunk ids DeterministicChunkIdsPlugin
[34mapp-1:build: [0m<s> [webpack.Progress] 84% sealing chunk ids
[34mapp-1:build: [0m<s> [webpack.Progress] 84% sealing chunk id optimization
[34mapp-1:build: [0m<s> [webpack.Progress] 84% sealing chunk id optimization FlagIncludedChunksPlugin
[34mapp-1:build: [0m<s> [webpack.Progress] 84% sealing chunk id optimization
[34mapp-1:build: [0m<s> [webpack.Progress] 85% sealing after chunk id optimization
[34mapp-1:build: [0m<s> [webpack.Progress] 85% sealing after chunk id optimization
[34mapp-1:build: [0m<s> [webpack.Progress] 86% sealing record modules
[34mapp-1:build: [0m<s> [webpack.Progress] 86% sealing record modules RecordIdsPlugin
[34mapp-1:build: [0m<s> [webpack.Progress] 86% sealing record modules
[34mapp-1:build: [0m<s> [webpack.Progress] 86% sealing record chunks
[34mapp-1:build: [0m<s> [webpack.Progress] 86% sealing record chunks RecordIdsPlugin
[34mapp-1:build: [0m<s> [webpack.Progress] 86% sealing record chunks
[34mapp-1:build: [0m<s> [webpack.Progress] 87% sealing module hashing
[34mapp-1:build: [0m<s> [webpack.Progress] 87% sealing module hashing
[34mapp-1:build: [0m<s> [webpack.Progress] 87% sealing code generation
[34mapp-1:build: [0m<s> [webpack.Progress] 87% sealing code generation
[34mapp-1:build: [0m<s> [webpack.Progress] 88% sealing runtime requirements
[34mapp-1:build: [0m<s> [webpack.Progress] 88% sealing runtime requirements
[34mapp-1:build: [0m<s> [webpack.Progress] 89% sealing hashing
[34mapp-1:build: [0m<s> [webpack.Progress] 89% sealing hashing ProfilingPlugin
[34mapp-1:build: [0m<s> [webpack.Progress] 89% sealing hashing
[34mapp-1:build: [0m<s> [webpack.Progress] 89% sealing after hashing
[34mapp-1:build: [0m<s> [webpack.Progress] 89% sealing after hashing ProfilingPlugin
[34mapp-1:build: [0m<s> [webpack.Progress] 89% sealing after hashing
[34mapp-1:build: [0m<s> [webpack.Progress] 90% sealing record hash
[34mapp-1:build: [0m<s> [webpack.Progress] 90% sealing record hash
[34mapp-1:build: [0m<s> [webpack.Progress] 91% sealing module assets processing
[34mapp-1:build: [0m<s> [webpack.Progress] 91% sealing module assets processing
[34mapp-1:build: [0m<s> [webpack.Progress] 91% sealing chunk assets processing
[34mapp-1:build: [0m<s> [webpack.Progress] 91% sealing chunk assets processing
[34mapp-1:build: [0m<s> [webpack.Progress] 92% sealing asset processing
[34mapp-1:build: [0m<s> [webpack.Progress] 92% sealing asset processing NextJsPagesManifest
[34mapp-1:build: [0m<s> [webpack.Progress] 92% sealing asset processing FontStylesheetGatheringPlugin
[34mapp-1:build: [0m<s> [webpack.Progress] 92% sealing asset processing TraceEntryPointsPlugin
[34mapp-1:build: [0m<i> [webpack.Progress]  |  | 69 ms asset processing > TraceEntryPointsPlugin
[34mapp-1:build: [0m<s> [webpack.Progress] 92% sealing asset processing RealContentHashPlugin
[34mapp-1:build: [0m<s> [webpack.Progress] 92% sealing asset processing
[34mapp-1:build: [0m<i> [webpack.Progress]  | 70 ms sealing > asset processing
[34mapp-1:build: [0m<s> [webpack.Progress] 93% sealing after asset optimization
[34mapp-1:build: [0m<s> [webpack.Progress] 93% sealing after asset optimization
[34mapp-1:build: [0m<s> [webpack.Progress] 93% sealing recording
[34mapp-1:build: [0m<s> [webpack.Progress] 93% sealing recording
[34mapp-1:build: [0m<s> [webpack.Progress] 94% sealing after seal
[34mapp-1:build: [0m<s> [webpack.Progress] 94% sealing after seal WellKnownErrorsPlugin
[34mapp-1:build: [0m<s> [webpack.Progress] 94% sealing after seal ProfilingPlugin
[34mapp-1:build: [0m<s> [webpack.Progress] 94% sealing after seal
[34mapp-1:build: [0m<i> [webpack.Progress] 111 ms sealing
[34mapp-1:build: [0m<s> [webpack.Progress] 95% emitting emit
[34mapp-1:build: [0m<s> [webpack.Progress] 95% emitting emit ProfilingPlugin
[34mapp-1:build: [0m<s> [webpack.Progress] 95% emitting emit
[34mapp-1:build: [0m<s> [webpack.Progress] 98% emitting after emit
[34mapp-1:build: [0m<s> [webpack.Progress] 98% emitting after emit ProfilingPlugin
[34mapp-1:build: [0m<s> [webpack.Progress] 98% emitting after emit
[34mapp-1:build: [0m<s> [webpack.Progress] 99% done plugins
[34mapp-1:build: [0m<s> [webpack.Progress] 99% done plugins IdleFileCachePlugin
[34mapp-1:build: [0m<s> [webpack.Progress] 99% done plugins
[34mapp-1:build: [0m<s> [webpack.Progress] 99% 
[34mapp-1:build: [0m
[34mapp-1:build: [0m<s> [webpack.Progress] 99% cache store build dependencies
[34mapp-1:build: [0m<s> [webpack.Progress] 99% cache store build dependencies IdleFileCachePlugin
[34mapp-1:build: [0m<s> [webpack.Progress] 99% cache store build dependencies
[34mapp-1:build: [0m<s> [webpack.Progress] 99% cache begin idle
[34mapp-1:build: [0m<s> [webpack.Progress] 99% cache begin idle IdleFileCachePlugin
[34mapp-1:build: [0m<s> [webpack.Progress] 99% cache begin idle
[34mapp-1:build: [0m<s> [webpack.Progress] 100% 
[34mapp-1:build: [0m
[34mapp-1:build: [0m<s> [webpack.Progress] 99% cache shutdown
[34mapp-1:build: [0m<s> [webpack.Progress] 99% cache shutdown MemoryCachePlugin
[34mapp-1:build: [0m<s> [webpack.Progress] 99% cache shutdown IdleFileCachePlugin
[34mapp-1:build: [0m<s> [webpack.Progress] 99% cache shutdown IdleFileCachePlugin process pending cache items
[34mapp-1:build: [0m<s> [webpack.Progress] 99% cache shutdown IdleFileCachePlugin resolve build dependencies
[34mapp-1:build: [0m<i> [webpack.Progress]  |  |  | 34 ms IdleFileCachePlugin > resolve build dependencies
[34mapp-1:build: [0m<s> [webpack.Progress] 99% cache shutdown IdleFileCachePlugin snapshot build dependencies resolving
[34mapp-1:build: [0m<s> [webpack.Progress] 99% cache shutdown IdleFileCachePlugin snapshot build dependencies modules
[34mapp-1:build: [0m<s> [webpack.Progress] 99% cache shutdown IdleFileCachePlugin serialize pack
[34mapp-1:build: [0m<s> [webpack.Progress] 99% cache shutdown IdleFileCachePlugin stored
[34mapp-1:build: [0m<i> [webpack.Progress]  |  | 48 ms shutdown > IdleFileCachePlugin
[34mapp-1:build: [0m<s> [webpack.Progress] 99% cache shutdown
[34mapp-1:build: [0m<i> [webpack.Progress]  | 48 ms cache > shutdown
[34mapp-1:build: [0m<i> [webpack.Progress] 48 ms cache
[34mapp-1:build: [0m<s> [webpack.Progress] 100% 
[34mapp-1:build: [0m
[34mapp-1:build: [0m<s> [webpack.Progress] 0% 
[34mapp-1:build: [0m
[34mapp-1:build: [0m<s> [webpack.Progress] 1% setup before run
[34mapp-1:build: [0m<s> [webpack.Progress] 1% setup before run NodeEnvironmentPlugin
[34mapp-1:build: [0m<s> [webpack.Progress] 1% setup before run
[34mapp-1:build: [0m<s> [webpack.Progress] 2% setup run
[34mapp-1:build: [0m<s> [webpack.Progress] 2% setup run
[34mapp-1:build: [0m<s> [webpack.Progress] 4% setup normal module factory
[34mapp-1:build: [0m<s> [webpack.Progress] 4% setup normal module factory IgnorePlugin
[34mapp-1:build: [0m<s> [webpack.Progress] 4% setup normal module factory IgnorePlugin
[34mapp-1:build: [0m<s> [webpack.Progress] 4% setup normal module factory
[34mapp-1:build: [0m<s> [webpack.Progress] 5% setup context module factory
[34mapp-1:build: [0m<s> [webpack.Progress] 5% setup context module factory IgnorePlugin
[34mapp-1:build: [0m<s> [webpack.Progress] 5% setup context module factory IgnorePlugin
[34mapp-1:build: [0m<s> [webpack.Progress] 5% setup context module factory
[34mapp-1:build: [0m<s> [webpack.Progress] 6% setup before compile
[34mapp-1:build: [0m<s> [webpack.Progress] 6% setup before compile ProgressPlugin
[34mapp-1:build: [0m<s> [webpack.Progress] 6% setup before compile
[34mapp-1:build: [0m<s> [webpack.Progress] 7% setup compile
[34mapp-1:build: [0m<s> [webpack.Progress] 7% setup compile ExternalsPlugin
[34mapp-1:build: [0m<s> [webpack.Progress] 7% setup compile ExternalsPlugin
[34mapp-1:build: [0m<s> [webpack.Progress] 7% setup compile
[34mapp-1:build: [0m<s> [webpack.Progress] 8% setup compilation
[34mapp-1:build: [0m<s> [webpack.Progress] 8% setup compilation ArrayPushCallbackChunkFormatPlugin
[34mapp-1:build: [0m<s> [webpack.Progress] 8% setup compilation JsonpChunkLoadingPlugin
[34mapp-1:build: [0m<s> [webpack.Progress] 8% setup compilation StartupChunkDependenciesPlugin
[34mapp-1:build: [0m<s> [webpack.Progress] 8% setup compilation ImportScriptsChunkLoadingPlugin
[34mapp-1:build: [0m<s> [webpack.Progress] 8% setup compilation FetchCompileWasmPlugin
[34mapp-1:build: [0m<s> [webpack.Progress] 8% setup compilation FetchCompileAsyncWasmPlugin
[34mapp-1:build: [0m<s> [webpack.Progress] 8% setup compilation AssignLibraryPlugin
[34mapp-1:build: [0m<s> [webpack.Progress] 8% setup compilation WorkerPlugin
[34mapp-1:build: [0m<s> [webpack.Progress] 8% setup compilation SplitChunksPlugin
[34mapp-1:build: [0m<s> [webpack.Progress] 8% setup compilation TerserPlugin
[34mapp-1:build: [0m<s> [webpack.Progress] 8% setup compilation ResolverCachePlugin
[34mapp-1:build: [0m<s> [webpack.Progress] 8% setup compilation
[34mapp-1:build: [0m<s> [webpack.Progress] 9% setup compilation
[34mapp-1:build: [0m<s> [webpack.Progress] 9% setup compilation ProfilingPlugin
[34mapp-1:build: [0m<s> [webpack.Progress] 9% setup compilation ProvidePlugin
[34mapp-1:build: [0m<s> [webpack.Progress] 9% setup compilation DefinePlugin
[34mapp-1:build: [0m<s> [webpack.Progress] 9% setup compilation DropAmpFirstPagesPlugin
[34mapp-1:build: [0m<s> [webpack.Progress] 9% setup compilation TraceEntryPointsPlugin
[34mapp-1:build: [0m<s> [webpack.Progress] 9% setup compilation ServerlessPlugin
[34mapp-1:build: [0m<s> [webpack.Progress] 9% setup compilation MiddlewarePlugin
[34mapp-1:build: [0m<s> [webpack.Progress] 9% setup compilation ProfilingPlugin
[34mapp-1:build: [0m<s> [webpack.Progress] 9% setup compilation WellKnownErrorsPlugin
[34mapp-1:build: [0m<s> [webpack.Progress] 9% setup compilation ProgressPlugin
[34mapp-1:build: [0m<s> [webpack.Progress] 9% setup compilation ChunkPrefetchPreloadPlugin
[34mapp-1:build: [0m<s> [webpack.Progress] 9% setup compilation JavascriptModulesPlugin
[34mapp-1:build: [0m<s> [webpack.Progress] 9% setup compilation JsonModulesPlugin
[34mapp-1:build: [0m<s> [webpack.Progress] 9% setup compilation AssetModulesPlugin
[34mapp-1:build: [0m<s> [webpack.Progress] 9% setup compilation RuntimePlugin
[34mapp-1:build: [0m<s> [webpack.Progress] 9% setup compilation InferAsyncModulesPlugin
[34mapp-1:build: [0m<s> [webpack.Progress] 9% setup compilation DataUriPlugin
[34mapp-1:build: [0m<s> [webpack.Progress] 9% setup compilation FileUriPlugin
[34mapp-1:build: [0m<s> [webpack.Progress] 9% setup compilation CompatibilityPlugin
[34mapp-1:build: [0m<s> [webpack.Progress] 9% setup compilation HarmonyModulesPlugin
[34mapp-1:build: [0m<s> [webpack.Progress] 9% setup compilation AMDPlugin
[34mapp-1:build: [0m<s> [webpack.Progress] 9% setup compilation RequireJsStuffPlugin
[34mapp-1:build: [0m<s> [webpack.Progress] 9% setup compilation CommonJsPlugin
[34mapp-1:build: [0m<s> [webpack.Progress] 9% setup compilation LoaderPlugin
[34mapp-1:build: [0m<s> [webpack.Progress] 9% setup compilation LoaderPlugin
[34mapp-1:build: [0m<s> [webpack.Progress] 9% setup compilation NodeStuffPlugin
[34mapp-1:build: [0m<s> [webpack.Progress] 9% setup compilation APIPlugin
[34mapp-1:build: [0m<s> [webpack.Progress] 9% setup compilation ExportsInfoApiPlugin
[34mapp-1:build: [0m<s> [webpack.Progress] 9% setup compilation WebpackIsIncludedPlugin
[34mapp-1:build: [0m<s> [webpack.Progress] 9% setup compilation ConstPlugin
[34mapp-1:build: [0m<s> [webpack.Progress] 9% setup compilation UseStrictPlugin
[34mapp-1:build: [0m<s> [webpack.Progress] 9% setup compilation RequireIncludePlugin
[34mapp-1:build: [0m<s> [webpack.Progress] 9% setup compilation RequireEnsurePlugin
[34mapp-1:build: [0m<s> [webpack.Progress] 9% setup compilation RequireContextPlugin
[34mapp-1:build: [0m<s> [webpack.Progress] 9% setup compilation ImportPlugin
[34mapp-1:build: [0m<s> [webpack.Progress] 9% setup compilation RequireContextPlugin
[34mapp-1:build: [0m<s> [webpack.Progress] 9% setup compilation SystemPlugin
[34mapp-1:build: [0m<s> [webpack.Progress] 9% setup compilation ImportMetaPlugin
[34mapp-1:build: [0m<s> [webpack.Progress] 9% setup compilation URLPlugin
[34mapp-1:build: [0m<s> [webpack.Progress] 9% setup compilation DefaultStatsFactoryPlugin
[34mapp-1:build: [0m<s> [webpack.Progress] 9% setup compilation DefaultStatsPresetPlugin
[34mapp-1:build: [0m<s> [webpack.Progress] 9% setup compilation DefaultStatsPrinterPlugin
[34mapp-1:build: [0m<s> [webpack.Progress] 9% setup compilation JavascriptMetaInfoPlugin
[34mapp-1:build: [0m<s> [webpack.Progress] 9% setup compilation EnsureChunkConditionsPlugin
[34mapp-1:build: [0m<s> [webpack.Progress] 9% setup compilation RemoveEmptyChunksPlugin
[34mapp-1:build: [0m<s> [webpack.Progress] 9% setup compilation MergeDuplicateChunksPlugin
[34mapp-1:build: [0m<s> [webpack.Progress] 9% setup compilation FlagIncludedChunksPlugin
[34mapp-1:build: [0m<s> [webpack.Progress] 9% setup compilation SideEffectsFlagPlugin
[34mapp-1:build: [0m<s> [webpack.Progress] 9% setup compilation FlagDependencyExportsPlugin
[34mapp-1:build: [0m<s> [webpack.Progress] 9% setup compilation FlagDependencyUsagePlugin
[34mapp-1:build: [0m<s> [webpack.Progress] 9% setup compilation InnerGraphPlugin
[34mapp-1:build: [0m<s> [webpack.Progress] 9% setup compilation MangleExportsPlugin
[34mapp-1:build: [0m<s> [webpack.Progress] 9% setup compilation RealContentHashPlugin
[34mapp-1:build: [0m<s> [webpack.Progress] 9% setup compilation DeterministicModuleIdsPlugin
[34mapp-1:build: [0m<s> [webpack.Progress] 9% setup compilation DeterministicChunkIdsPlugin
[34mapp-1:build: [0m<s> [webpack.Progress] 9% setup compilation CssMinimizerPlugin
[34mapp-1:build: [0m<s> [webpack.Progress] 9% setup compilation TemplatedPathPlugin
[34mapp-1:build: [0m<s> [webpack.Progress] 9% setup compilation RecordIdsPlugin
[34mapp-1:build: [0m<s> [webpack.Progress] 9% setup compilation WarnCaseSensitiveModulesPlugin
[34mapp-1:build: [0m<s> [webpack.Progress] 9% setup compilation AddBuildDependenciesPlugin
[34mapp-1:build: [0m<s> [webpack.Progress] 9% setup compilation AddBuildDependenciesPlugin
[34mapp-1:build: [0m<s> [webpack.Progress] 9% setup compilation
[34mapp-1:build: [0m<s> [webpack.Progress] 10% building
[34mapp-1:build: [0m<s> [webpack.Progress] 65% building
[34mapp-1:build: [0m<s> [webpack.Progress] 69% building finish
[34mapp-1:build: [0m<s> [webpack.Progress] 69% building finish ProfilingPlugin
[34mapp-1:build: [0m<s> [webpack.Progress] 69% building finish
[34mapp-1:build: [0m<s> [webpack.Progress] 70% sealing finish module graph
[34mapp-1:build: [0m<s> [webpack.Progress] 70% sealing finish module graph ResolverCachePlugin
[34mapp-1:build: [0m<s> [webpack.Progress] 70% sealing finish module graph TraceEntryPointsPlugin
[34mapp-1:build: [0m<s> [webpack.Progress] 70% sealing finish module graph InferAsyncModulesPlugin
[34mapp-1:build: [0m<s> [webpack.Progress] 70% sealing finish module graph FlagDependencyExportsPlugin
[34mapp-1:build: [0m<s> [webpack.Progress] 70% sealing finish module graph InnerGraphPlugin
[34mapp-1:build: [0m<s> [webpack.Progress] 70% sealing finish module graph AssignLibraryPlugin
[34mapp-1:build: [0m<s> [webpack.Progress] 70% sealing finish module graph
[34mapp-1:build: [0m<s> [webpack.Progress] 70% sealing plugins
[34mapp-1:build: [0m<s> [webpack.Progress] 70% sealing plugins ProfilingPlugin
[34mapp-1:build: [0m<s> [webpack.Progress] 70% sealing plugins DropAmpFirstPagesPlugin
[34mapp-1:build: [0m<s> [webpack.Progress] 70% sealing plugins WarnCaseSensitiveModulesPlugin
[34mapp-1:build: [0m<s> [webpack.Progress] 70% sealing plugins
[34mapp-1:build: [0m<s> [webpack.Progress] 71% sealing dependencies optimization
[34mapp-1:build: [0m<s> [webpack.Progress] 71% sealing dependencies optimization SideEffectsFlagPlugin
[34mapp-1:build: [0m<s> [webpack.Progress] 71% sealing dependencies optimization FlagDependencyUsagePlugin
[34mapp-1:build: [0m<s> [webpack.Progress] 71% sealing dependencies optimization
[34mapp-1:build: [0m<s> [webpack.Progress] 71% sealing after dependencies optimization
[34mapp-1:build: [0m<s> [webpack.Progress] 71% sealing after dependencies optimization
[34mapp-1:build: [0m<s> [webpack.Progress] 72% sealing chunk graph
[34mapp-1:build: [0m<s> [webpack.Progress] 72% sealing chunk graph ProfilingPlugin
[34mapp-1:build: [0m<s> [webpack.Progress] 72% sealing chunk graph
[34mapp-1:build: [0m<s> [webpack.Progress] 73% sealing after chunk graph
[34mapp-1:build: [0m<s> [webpack.Progress] 73% sealing after chunk graph MiddlewarePlugin
[34mapp-1:build: [0m<s> [webpack.Progress] 73% sealing after chunk graph ProfilingPlugin
[34mapp-1:build: [0m<s> [webpack.Progress] 73% sealing after chunk graph
[34mapp-1:build: [0m<s> [webpack.Progress] 73% sealing optimizing
[34mapp-1:build: [0m<s> [webpack.Progress] 73% sealing optimizing ProfilingPlugin
[34mapp-1:build: [0m<s> [webpack.Progress] 73% sealing optimizing
[34mapp-1:build: [0m<s> [webpack.Progress] 74% sealing module optimization
[34mapp-1:build: [0m<s> [webpack.Progress] 74% sealing module optimization ProfilingPlugin
[34mapp-1:build: [0m<s> [webpack.Progress] 74% sealing module optimization
[34mapp-1:build: [0m<s> [webpack.Progress] 75% sealing after module optimization
[34mapp-1:build: [0m<s> [webpack.Progress] 75% sealing after module optimization MiddlewarePlugin
[34mapp-1:build: [0m<s> [webpack.Progress] 75% sealing after module optimization ProfilingPlugin
[34mapp-1:build: [0m<s> [webpack.Progress] 75% sealing after module optimization
[34mapp-1:build: [0m<s> [webpack.Progress] 75% sealing chunk optimization
[34mapp-1:build: [0m<s> [webpack.Progress] 75% sealing chunk optimization ProfilingPlugin
[34mapp-1:build: [0m<s> [webpack.Progress] 75% sealing chunk optimization EnsureChunkConditionsPlugin
[34mapp-1:build: [0m<s> [webpack.Progress] 75% sealing chunk optimization RemoveEmptyChunksPlugin
[34mapp-1:build: [0m<s> [webpack.Progress] 75% sealing chunk optimization MergeDuplicateChunksPlugin
[34mapp-1:build: [0m<s> [webpack.Progress] 75% sealing chunk optimization ServerlessPlugin
[34mapp-1:build: [0m<s> [webpack.Progress] 75% sealing chunk optimization SplitChunksPlugin
[34mapp-1:build: [0m<s> [webpack.Progress] 75% sealing chunk optimization RemoveEmptyChunksPlugin
[34mapp-1:build: [0m<s> [webpack.Progress] 75% sealing chunk optimization
[34mapp-1:build: [0m<s> [webpack.Progress] 76% sealing after chunk optimization
[34mapp-1:build: [0m<s> [webpack.Progress] 76% sealing after chunk optimization ProfilingPlugin
[34mapp-1:build: [0m<s> [webpack.Progress] 76% sealing after chunk optimization
[34mapp-1:build: [0m<s> [webpack.Progress] 77% sealing module and chunk tree optimization
[34mapp-1:build: [0m<s> [webpack.Progress] 77% sealing module and chunk tree optimization ProfilingPlugin
[34mapp-1:build: [0m<s> [webpack.Progress] 77% sealing module and chunk tree optimization
[34mapp-1:build: [0m<s> [webpack.Progress] 77% sealing after module and chunk tree optimization
[34mapp-1:build: [0m<s> [webpack.Progress] 77% sealing after module and chunk tree optimization ProfilingPlugin
[34mapp-1:build: [0m<s> [webpack.Progress] 77% sealing after module and chunk tree optimization
[34mapp-1:build: [0m<s> [webpack.Progress] 78% sealing chunk modules optimization
[34mapp-1:build: [0m<s> [webpack.Progress] 78% sealing chunk modules optimization
[34mapp-1:build: [0m<s> [webpack.Progress] 78% sealing after chunk modules optimization
[34mapp-1:build: [0m<s> [webpack.Progress] 78% sealing after chunk modules optimization
[34mapp-1:build: [0m<s> [webpack.Progress] 79% sealing module reviving
[34mapp-1:build: [0m<s> [webpack.Progress] 79% sealing module reviving RecordIdsPlugin
[34mapp-1:build: [0m<s> [webpack.Progress] 79% sealing module reviving ProfilingPlugin
[34mapp-1:build: [0m<s> [webpack.Progress] 79% sealing module reviving
[34mapp-1:build: [0m<s> [webpack.Progress] 80% sealing before module ids
[34mapp-1:build: [0m<s> [webpack.Progress] 80% sealing before module ids
[34mapp-1:build: [0m<s> [webpack.Progress] 80% sealing module ids
[34mapp-1:build: [0m<s> [webpack.Progress] 80% sealing module ids DeterministicModuleIdsPlugin
[34mapp-1:build: [0m<s> [webpack.Progress] 80% sealing module ids
[34mapp-1:build: [0m<s> [webpack.Progress] 81% sealing module id optimization
[34mapp-1:build: [0m<s> [webpack.Progress] 81% sealing module id optimization
[34mapp-1:build: [0m<s> [webpack.Progress] 82% sealing module id optimization
[34mapp-1:build: [0m<s> [webpack.Progress] 82% sealing module id optimization
[34mapp-1:build: [0m<s> [webpack.Progress] 82% sealing chunk reviving
[34mapp-1:build: [0m<s> [webpack.Progress] 82% sealing chunk reviving RecordIdsPlugin
[34mapp-1:build: [0m<s> [webpack.Progress] 82% sealing chunk reviving
[34mapp-1:build: [0m<s> [webpack.Progress] 83% sealing before chunk ids
[34mapp-1:build: [0m<s> [webpack.Progress] 83% sealing before chunk ids
[34mapp-1:build: [0m<s> [webpack.Progress] 84% sealing chunk ids
[34mapp-1:build: [0m<s> [webpack.Progress] 84% sealing chunk ids DeterministicChunkIdsPlugin
[34mapp-1:build: [0m<s> [webpack.Progress] 84% sealing chunk ids
[34mapp-1:build: [0m<s> [webpack.Progress] 84% sealing chunk id optimization
[34mapp-1:build: [0m<s> [webpack.Progress] 84% sealing chunk id optimization FlagIncludedChunksPlugin
[34mapp-1:build: [0m<s> [webpack.Progress] 84% sealing chunk id optimization
[34mapp-1:build: [0m<s> [webpack.Progress] 85% sealing after chunk id optimization
[34mapp-1:build: [0m<s> [webpack.Progress] 85% sealing after chunk id optimization
[34mapp-1:build: [0m<s> [webpack.Progress] 86% sealing record modules
[34mapp-1:build: [0m<s> [webpack.Progress] 86% sealing record modules RecordIdsPlugin
[34mapp-1:build: [0m<s> [webpack.Progress] 86% sealing record modules
[34mapp-1:build: [0m<s> [webpack.Progress] 86% sealing record chunks
[34mapp-1:build: [0m<s> [webpack.Progress] 86% sealing record chunks RecordIdsPlugin
[34mapp-1:build: [0m<s> [webpack.Progress] 86% sealing record chunks
[34mapp-1:build: [0m<s> [webpack.Progress] 87% sealing module hashing
[34mapp-1:build: [0m<s> [webpack.Progress] 87% sealing module hashing
[34mapp-1:build: [0m<s> [webpack.Progress] 87% sealing code generation
[34mapp-1:build: [0m<s> [webpack.Progress] 87% sealing code generation
[34mapp-1:build: [0m<s> [webpack.Progress] 88% sealing runtime requirements
[34mapp-1:build: [0m<s> [webpack.Progress] 88% sealing runtime requirements
[34mapp-1:build: [0m<s> [webpack.Progress] 89% sealing hashing
[34mapp-1:build: [0m<s> [webpack.Progress] 89% sealing hashing ProfilingPlugin
[34mapp-1:build: [0m<s> [webpack.Progress] 89% sealing hashing
[34mapp-1:build: [0m<s> [webpack.Progress] 89% sealing after hashing
[34mapp-1:build: [0m<s> [webpack.Progress] 89% sealing after hashing ProfilingPlugin
[34mapp-1:build: [0m<s> [webpack.Progress] 89% sealing after hashing
[34mapp-1:build: [0m<s> [webpack.Progress] 90% sealing record hash
[34mapp-1:build: [0m<s> [webpack.Progress] 90% sealing record hash
[34mapp-1:build: [0m<s> [webpack.Progress] 91% sealing module assets processing
[34mapp-1:build: [0m<s> [webpack.Progress] 91% sealing module assets processing
[34mapp-1:build: [0m<s> [webpack.Progress] 91% sealing chunk assets processing
[34mapp-1:build: [0m<s> [webpack.Progress] 91% sealing chunk assets processing
[34mapp-1:build: [0m<s> [webpack.Progress] 92% sealing asset processing
[34mapp-1:build: [0m<s> [webpack.Progress] 92% sealing asset processing NextJsMiddlewareManifest
[34mapp-1:build: [0m<s> [webpack.Progress] 92% sealing asset processing NextJsPagesManifest
[34mapp-1:build: [0m<s> [webpack.Progress] 92% sealing asset processing TerserPlugin
[34mapp-1:build: [0m<s> [webpack.Progress] 92% sealing asset processing CssMinimizerPlugin
[34mapp-1:build: [0m<s> [webpack.Progress] 92% sealing asset processing TraceEntryPointsPlugin
[34mapp-1:build: [0m<s> [webpack.Progress] 92% sealing asset processing RealContentHashPlugin
[34mapp-1:build: [0m<s> [webpack.Progress] 92% sealing asset processing
[34mapp-1:build: [0m<s> [webpack.Progress] 93% sealing after asset optimization
[34mapp-1:build: [0m<s> [webpack.Progress] 93% sealing after asset optimization
[34mapp-1:build: [0m<s> [webpack.Progress] 93% sealing recording
[34mapp-1:build: [0m<s> [webpack.Progress] 93% sealing recording
[34mapp-1:build: [0m<s> [webpack.Progress] 94% sealing after seal
[34mapp-1:build: [0m<s> [webpack.Progress] 94% sealing after seal WellKnownErrorsPlugin
[34mapp-1:build: [0m<s> [webpack.Progress] 94% sealing after seal ProfilingPlugin
[34mapp-1:build: [0m<s> [webpack.Progress] 94% sealing after seal
[34mapp-1:build: [0m<s> [webpack.Progress] 95% emitting emit
[34mapp-1:build: [0m<s> [webpack.Progress] 95% emitting emit ProfilingPlugin
[34mapp-1:build: [0m<s> [webpack.Progress] 95% emitting emit
[34mapp-1:build: [0m<s> [webpack.Progress] 98% emitting after emit
[34mapp-1:build: [0m<s> [webpack.Progress] 98% emitting after emit ProfilingPlugin
[34mapp-1:build: [0m<s> [webpack.Progress] 98% emitting after emit
[34mapp-1:build: [0m<s> [webpack.Progress] 99% done plugins
[34mapp-1:build: [0m<s> [webpack.Progress] 99% done plugins IdleFileCachePlugin
[34mapp-1:build: [0m<s> [webpack.Progress] 99% done plugins
[34mapp-1:build: [0m<s> [webpack.Progress] 99% 
[34mapp-1:build: [0m
[34mapp-1:build: [0m<s> [webpack.Progress] 99% cache store build dependencies
[34mapp-1:build: [0m<s> [webpack.Progress] 99% cache store build dependencies IdleFileCachePlugin
[34mapp-1:build: [0m<s> [webpack.Progress] 99% cache store build dependencies
[34mapp-1:build: [0m<s> [webpack.Progress] 99% cache begin idle
[34mapp-1:build: [0m<s> [webpack.Progress] 99% cache begin idle IdleFileCachePlugin
[34mapp-1:build: [0m<s> [webpack.Progress] 99% cache begin idle
[34mapp-1:build: [0m<s> [webpack.Progress] 100% 
[34mapp-1:build: [0m
[34mapp-1:build: [0m<s> [webpack.Progress] 99% cache shutdown
[34mapp-1:build: [0m<s> [webpack.Progress] 99% cache shutdown MemoryCachePlugin
[34mapp-1:build: [0m<s> [webpack.Progress] 99% cache shutdown IdleFileCachePlugin
[34mapp-1:build: [0m<s> [webpack.Progress] 99% cache shutdown IdleFileCachePlugin process pending cache items
[34mapp-1:build: [0m<s> [webpack.Progress] 99% cache shutdown IdleFileCachePlugin resolve build dependencies
[34mapp-1:build: [0m<i> [webpack.Progress]  |  |  | 21 ms IdleFileCachePlugin > resolve build dependencies
[34mapp-1:build: [0m<s> [webpack.Progress] 99% cache shutdown IdleFileCachePlugin snapshot build dependencies resolving
[34mapp-1:build: [0m<s> [webpack.Progress] 99% cache shutdown IdleFileCachePlugin snapshot build dependencies modules
[34mapp-1:build: [0m<s> [webpack.Progress] 99% cache shutdown IdleFileCachePlugin serialize pack
[34mapp-1:build: [0m<s> [webpack.Progress] 99% cache shutdown IdleFileCachePlugin stored
[34mapp-1:build: [0m<i> [webpack.Progress]  |  | 27 ms shutdown > IdleFileCachePlugin
[34mapp-1:build: [0m<s> [webpack.Progress] 99% cache shutdown
[34mapp-1:build: [0m<i> [webpack.Progress]  | 27 ms cache > shutdown
[34mapp-1:build: [0m<i> [webpack.Progress] 27 ms cache
[34mapp-1:build: [0m<s> [webpack.Progress] 100% 
[34mapp-1:build: [0m
[34mapp-1:build: [0minfo  - Compiled successfully
[34mapp-1:build: [0minfo  - Collecting page data...
[34mapp-1:build: [0minfo  - Generating static pages (0/3)
[34mapp-1:build: [0minfo  - Generating static pages (3/3)
[34mapp-1:build: [0minfo  - Finalizing page optimization...
[34mapp-1:build: [0m
[34mapp-1:build: [0mPage                                       Size     First Load JS
[34mapp-1:build: [0m┌ ○ /                                      6.75 kB          82 kB
[34mapp-1:build: [0m├   └ css/149b18973e5508c7.css             655 B
[34mapp-1:build: [0m├   /_app                                  0 B            75.2 kB
[34mapp-1:build: [0m├ ○ /404                                   180 B          75.4 kB
[34mapp-1:build: [0m└ λ /api/hello                             0 B            75.2 kB
[34mapp-1:build: [0m+ First Load JS shared by all              75.2 kB
[34mapp-1:build: [0m  ├ chunks/framework-81e2b89b944e0442.js   45.2 kB
[34mapp-1:build: [0m  ├ chunks/main-e238d2366fdc354c.js        28.7 kB
[34mapp-1:build: [0m  ├ chunks/pages/_app-69972de3b30f043a.js  501 B
[34mapp-1:build: [0m  ├ chunks/webpack-34c76af51fb9f015.js     760 B
[34mapp-1:build: [0m  └ css/27d177a30947857b.css               194 B
[34mapp-1:build: [0m
[34mapp-1:build: [0mλ  (Server)  server-side renders at runtime (uses getInitialProps or getServerSideProps)
[34mapp-1:build: [0m○  (Static)  automatically rendered as static HTML (uses no initial props)
[34mapp-1:build: [0m
