[32m@max-poc/date-formatter:build: [0mcache hit, replaying output [2m02ae7ea757b17ad1[0m
[32m@max-poc/date-formatter:build: [0m[36m
[32m@max-poc/date-formatter:build: [0m[1m./index.ts[22m â†’ [1mdist[22m...[39m
[32m@max-poc/date-formatter:build: [0m(1): index.ts
[32m@max-poc/date-formatter:build: [0m(2): src/index.ts
[32m@max-poc/date-formatter:build: [0m(3): src/isoFormatter.ts
[32m@max-poc/date-formatter:build: [0m(5): ../../.yarn/cache/date-fns-npm-2.28.0-c19c5add1b-a0516b2e4f.zip/node_modules/date-fns/esm/getHours/index.js
[32m@max-poc/date-formatter:build: [0m(6): ../../.yarn/cache/date-fns-npm-2.28.0-c19c5add1b-a0516b2e4f.zip/node_modules/date-fns/esm/format/index.js
[32m@max-poc/date-formatter:build: [0m(15): ../../.yarn/cache/date-fns-npm-2.28.0-c19c5add1b-a0516b2e4f.zip/node_modules/date-fns/esm/_lib/requiredArgs/index.js
[32m@max-poc/date-formatter:build: [0m(15): ../../.yarn/cache/date-fns-npm-2.28.0-c19c5add1b-a0516b2e4f.zip/node_modules/date-fns/esm/_lib/getTimezoneOffsetInMilliseconds/index.js
[32m@max-poc/date-formatter:build: [0m(15): ../../.yarn/cache/date-fns-npm-2.28.0-c19c5add1b-a0516b2e4f.zip/node_modules/date-fns/esm/_lib/protectedTokens/index.js
[32m@max-poc/date-formatter:build: [0m(15): ../../.yarn/cache/date-fns-npm-2.28.0-c19c5add1b-a0516b2e4f.zip/node_modules/date-fns/esm/_lib/toInteger/index.js
[32m@max-poc/date-formatter:build: [0m(15): ../../.yarn/cache/date-fns-npm-2.28.0-c19c5add1b-a0516b2e4f.zip/node_modules/date-fns/esm/_lib/format/longFormatters/index.js
[32m@max-poc/date-formatter:build: [0m(15): ../../.yarn/cache/date-fns-npm-2.28.0-c19c5add1b-a0516b2e4f.zip/node_modules/date-fns/esm/toDate/index.js
[32m@max-poc/date-formatter:build: [0m(15): ../../.yarn/cache/date-fns-npm-2.28.0-c19c5add1b-a0516b2e4f.zip/node_modules/date-fns/esm/isValid/index.js
[32m@max-poc/date-formatter:build: [0m(15): ../../.yarn/cache/date-fns-npm-2.28.0-c19c5add1b-a0516b2e4f.zip/node_modules/date-fns/esm/_lib/format/formatters/index.js
[32m@max-poc/date-formatter:build: [0m(22): ../../.yarn/cache/date-fns-npm-2.28.0-c19c5add1b-a0516b2e4f.zip/node_modules/date-fns/esm/locale/en-US/index.js
[32m@max-poc/date-formatter:build: [0m(27): ../../.yarn/cache/date-fns-npm-2.28.0-c19c5add1b-a0516b2e4f.zip/node_modules/date-fns/esm/subMilliseconds/index.js
[32m@max-poc/date-formatter:build: [0m(29): ../../.yarn/cache/date-fns-npm-2.28.0-c19c5add1b-a0516b2e4f.zip/node_modules/date-fns/esm/_lib/getUTCDayOfYear/index.js
[32m@max-poc/date-formatter:build: [0m(29): ../../.yarn/cache/date-fns-npm-2.28.0-c19c5add1b-a0516b2e4f.zip/node_modules/date-fns/esm/_lib/getUTCWeek/index.js
[32m@max-poc/date-formatter:build: [0m(31): ../../.yarn/cache/date-fns-npm-2.28.0-c19c5add1b-a0516b2e4f.zip/node_modules/date-fns/esm/_lib/getUTCWeekYear/index.js
[32m@max-poc/date-formatter:build: [0m(31): ../../.yarn/cache/date-fns-npm-2.28.0-c19c5add1b-a0516b2e4f.zip/node_modules/date-fns/esm/_lib/addLeadingZeros/index.js
[32m@max-poc/date-formatter:build: [0m(31): ../../.yarn/cache/date-fns-npm-2.28.0-c19c5add1b-a0516b2e4f.zip/node_modules/date-fns/esm/_lib/getUTCISOWeek/index.js
[32m@max-poc/date-formatter:build: [0m(33): ../../.yarn/cache/date-fns-npm-2.28.0-c19c5add1b-a0516b2e4f.zip/node_modules/date-fns/esm/_lib/getUTCISOWeekYear/index.js
[32m@max-poc/date-formatter:build: [0m(33): ../../.yarn/cache/date-fns-npm-2.28.0-c19c5add1b-a0516b2e4f.zip/node_modules/date-fns/esm/_lib/format/lightFormatters/index.js
[32m@max-poc/date-formatter:build: [0m(33): ../../.yarn/cache/date-fns-npm-2.28.0-c19c5add1b-a0516b2e4f.zip/node_modules/date-fns/esm/locale/en-US/_lib/formatRelative/index.js
[32m@max-poc/date-formatter:build: [0m(33): ../../.yarn/cache/date-fns-npm-2.28.0-c19c5add1b-a0516b2e4f.zip/node_modules/date-fns/esm/locale/en-US/_lib/formatLong/index.js
[32m@max-poc/date-formatter:build: [0m(33): ../../.yarn/cache/date-fns-npm-2.28.0-c19c5add1b-a0516b2e4f.zip/node_modules/date-fns/esm/locale/en-US/_lib/formatDistance/index.js
[32m@max-poc/date-formatter:build: [0m(33): ../../.yarn/cache/date-fns-npm-2.28.0-c19c5add1b-a0516b2e4f.zip/node_modules/date-fns/esm/locale/en-US/_lib/localize/index.js
[32m@max-poc/date-formatter:build: [0m(33): ../../.yarn/cache/date-fns-npm-2.28.0-c19c5add1b-a0516b2e4f.zip/node_modules/date-fns/esm/locale/en-US/_lib/match/index.js
[32m@max-poc/date-formatter:build: [0m(33): ../../.yarn/cache/date-fns-npm-2.28.0-c19c5add1b-a0516b2e4f.zip/node_modules/date-fns/esm/isDate/index.js
[32m@max-poc/date-formatter:build: [0m(37): ../../.yarn/cache/date-fns-npm-2.28.0-c19c5add1b-a0516b2e4f.zip/node_modules/date-fns/esm/addMilliseconds/index.js
[32m@max-poc/date-formatter:build: [0m(37): ../../.yarn/cache/date-fns-npm-2.28.0-c19c5add1b-a0516b2e4f.zip/node_modules/date-fns/esm/_lib/startOfUTCWeek/index.js
[32m@max-poc/date-formatter:build: [0m(37): ../../.yarn/cache/date-fns-npm-2.28.0-c19c5add1b-a0516b2e4f.zip/node_modules/date-fns/esm/_lib/startOfUTCWeekYear/index.js
[32m@max-poc/date-formatter:build: [0m(37): ../../.yarn/cache/date-fns-npm-2.28.0-c19c5add1b-a0516b2e4f.zip/node_modules/date-fns/esm/_lib/startOfUTCISOWeek/index.js
[32m@max-poc/date-formatter:build: [0m(37): ../../.yarn/cache/date-fns-npm-2.28.0-c19c5add1b-a0516b2e4f.zip/node_modules/date-fns/esm/_lib/startOfUTCISOWeekYear/index.js
[32m@max-poc/date-formatter:build: [0m(37): ../../.yarn/cache/date-fns-npm-2.28.0-c19c5add1b-a0516b2e4f.zip/node_modules/date-fns/esm/locale/_lib/buildFormatLongFn/index.js
[32m@max-poc/date-formatter:build: [0m(37): ../../.yarn/cache/date-fns-npm-2.28.0-c19c5add1b-a0516b2e4f.zip/node_modules/date-fns/esm/locale/_lib/buildLocalizeFn/index.js
[32m@max-poc/date-formatter:build: [0m(37): ../../.yarn/cache/date-fns-npm-2.28.0-c19c5add1b-a0516b2e4f.zip/node_modules/date-fns/esm/locale/_lib/buildMatchFn/index.js
[32m@max-poc/date-formatter:build: [0m(37): ../../.yarn/cache/date-fns-npm-2.28.0-c19c5add1b-a0516b2e4f.zip/node_modules/date-fns/esm/locale/_lib/buildMatchPatternFn/index.js
[32m@max-poc/date-formatter:build: [0m(38): ../calculator/index.ts
[32m@max-poc/date-formatter:build: [0mâ”Œâ”€â”€â”€â”€â”€â”€â”€â”€â”€â”€â”€â”€â”€â”€â”€â”€â”€â”€â”€â”€â”€â”€â”€â”€â”€â”€â”€â”€â”€â”€â”
[32m@max-poc/date-formatter:build: [0mâ”‚                              â”‚
[32m@max-poc/date-formatter:build: [0mâ”‚   [32m[1mBundle Name: [22m[39m [33mindex.js[39m     â”‚
[32m@max-poc/date-formatter:build: [0mâ”‚   [32m[1mBundle Size: [22m[39m [33m34.63 KB[39m     â”‚
[32m@max-poc/date-formatter:build: [0mâ”‚   [32m[1mMinified Size: [22m[39m [33m25.03 KB[39m   â”‚
[32m@max-poc/date-formatter:build: [0mâ”‚   [32m[1mGzipped Size: [22m[39m [33m6.27 KB[39m     â”‚
[32m@max-poc/date-formatter:build: [0mâ”‚                              â”‚
[32m@max-poc/date-formatter:build: [0mâ””â”€â”€â”€â”€â”€â”€â”€â”€â”€â”€â”€â”€â”€â”€â”€â”€â”€â”€â”€â”€â”€â”€â”€â”€â”€â”€â”€â”€â”€â”€â”˜
[32m@max-poc/date-formatter:build: [0m[32mcreated [1mdist[22m in [1m260ms[22m[39m
